<?xml version="1.0" encoding="UTF-8"?>
<!-- Generated by org.testng.reporters.JUnitXMLReporter -->
<testsuite ignored="0" hostname="KENN" failures="0" tests="3" name="SubmitOrder Test" time="21.404" errors="0" timestamp="2024-04-26T09:14:40 MMT">
  <testcase classname="KENNCompany.tests.StandAloneTestWithDesignPattern" name="submitOrder" time="3.979"/>
  <testcase classname="KENNCompany.tests.StandAloneTestWithDesignPattern" name="submitOrder" time="3.668"/>
  <testcase classname="KENNCompany.tests.StandAloneTestWithDesignPattern" name="orderHistoryTest" time="0.776"/>
</testsuite> <!-- SubmitOrder Test -->
