<?xml version="1.0" encoding="UTF-8"?>
<!-- Generated by org.testng.reporters.JUnitXMLReporter -->
<testsuite ignored="0" hostname="KENN" failures="0" tests="3" name="SubmitOrder Test" time="188.881" errors="0" timestamp="2024-04-29T10:27:13 MMT">
  <testcase classname="KENNCompany.tests.StandAloneTestWithDesignPattern" name="submitOrder" time="8.799"/>
  <testcase classname="KENNCompany.tests.StandAloneTestWithDesignPattern" name="submitOrder" time="8.798"/>
  <testcase classname="KENNCompany.tests.StandAloneTestWithDesignPattern" name="orderHistoryTest" time="3.25"/>
</testsuite> <!-- SubmitOrder Test -->
